<?xml version="1.0" encoding="UTF-8"?>
<!-- Generated by org.testng.reporters.JUnitXMLReporter -->
<testsuite ignored="0" hostname="DESKTOP-6GJR34A" failures="1" tests="12" name="Different testng Feature Test" time="33.545" errors="0" timestamp="2022-03-27T16:35:57 IST">
  <testcase classname="com.nk.dao.GoogleTest" name="googleTitleTest" time="0.015"/>
  <testcase classname="com.nk.dao.GoogleTest" name="googleLogoTest" time="0.054"/>
  <testcase classname="com.nk.dao.GoogleTest" name="mailLinkTest" time="0.039"/>
  <testcase classname="com.nk.dao.GoogleTest" name="Test3" time="0.001"/>
  <testcase classname="com.nk.dao.GoogleTest" name="Test4" time="0.001"/>
  <testcase classname="com.nk.dao.GoogleTest" name="Test5" time="0.001"/>
  <testcase classname="com.nk.dao.GoogleTitleTest" name="googleLogoTest" time="0.078"/>
  <testcase classname="com.nk.dao.GoogleTitleTest" name="googleTitleTest" time="0.012">
    <failure type="junit.framework.ComparisonFailure" message="Google expected:&amp;lt;[Google123]&amp;gt; but was:&amp;lt;[title is not matched]&amp;gt;">
      <![CDATA[junit.framework.ComparisonFailure: Google expected:<[Google123]> but was:<[title is not matched]>
at junit.framework.Assert.assertEquals(Assert.java:100)
at com.nk.dao.GoogleTitleTest.googleTitleTest(GoogleTitleTest.java:37)
at java.base/java.util.ArrayList.forEach(ArrayList.java:1511)
... Removed 27 stack frames]]>
    </failure>
  </testcase> <!-- googleTitleTest -->
  <testcase classname="com.nk.dao.TestNGFeatures" name="loginTest" time="0.001"/>
  <testcase classname="com.nk.dao.TestNGFeatures" name="HomePageTest" time="0.001"/>
  <testcase classname="com.nk.dao.TestNGFeatures" name="SearchPageTest" time="0.001"/>
  <testcase classname="com.nk.dao.TestNGFeatures" name="RegPageTest" time="0.0"/>
</testsuite> <!-- Different testng Feature Test -->
